<?xml version="1.0" encoding="UTF-8"?>
<testng-results skipped="0" failed="0" ignored="0" total="1" passed="1">
  <reporter-output>
  </reporter-output>
  <suite name="Suite" duration-ms="36122" started-at="2021-03-03T13:07:32 IST" finished-at="2021-03-03T13:08:08 IST">
    <groups>
    </groups>
    <test name="Login" duration-ms="36122" started-at="2021-03-03T13:07:32 IST" finished-at="2021-03-03T13:08:08 IST">
      <class name="com.pcs.script.Login_Logout">
        <test-method status="PASS" signature="generatereport()[pri:0, instance:com.pcs.script.Login_Logout@396f6598]" name="generatereport" is-config="true" duration-ms="237" started-at="2021-03-03T13:07:32 IST" finished-at="2021-03-03T13:07:32 IST">
          <reporter-output>
          </reporter-output>
        </test-method> <!-- generatereport -->
        <test-method status="PASS" signature="beforeClass()[pri:0, instance:com.pcs.script.Login_Logout@396f6598]" name="beforeClass" is-config="true" duration-ms="9499" started-at="2021-03-03T13:07:32 IST" finished-at="2021-03-03T13:07:41 IST">
          <reporter-output>
          </reporter-output>
        </test-method> <!-- beforeClass -->
        <test-method status="PASS" signature="methodName(java.lang.reflect.Method)[pri:0, instance:com.pcs.script.Login_Logout@396f6598]" name="methodName" is-config="true" duration-ms="11" started-at="2021-03-03T13:07:41 IST" finished-at="2021-03-03T13:07:41 IST">
          <params>
            <param index="0">
              <value>
                <![CDATA[public void com.pcs.script.Login_Logout.testLogin_Logout() throws java.lang.Exception]]>
              </value>
            </param>
          </params>
          <reporter-output>
          </reporter-output>
        </test-method> <!-- methodName -->
        <test-method status="PASS" signature="testLogin_Logout()[pri:0, instance:com.pcs.script.Login_Logout@396f6598]" name="testLogin_Logout" duration-ms="11200" started-at="2021-03-03T13:07:41 IST" finished-at="2021-03-03T13:07:53 IST">
          <reporter-output>
          </reporter-output>
        </test-method> <!-- testLogin_Logout -->
        <test-method status="PASS" signature="afterClass()[pri:0, instance:com.pcs.script.Login_Logout@396f6598]" name="afterClass" is-config="true" duration-ms="15090" started-at="2021-03-03T13:07:53 IST" finished-at="2021-03-03T13:08:08 IST">
          <reporter-output>
          </reporter-output>
        </test-method> <!-- afterClass -->
      </class> <!-- com.pcs.script.Login_Logout -->
    </test> <!-- Login -->
  </suite> <!-- Suite -->
</testng-results>
